Started GET "/" for 127.0.0.1 at 2021-11-28 13:48:58 -0500
  [1m[35m (1.4ms)[0m  [1m[34mSELECT sqlite_version(*)[0m
Processing by Rails::WelcomeController#index as HTML
  Rendering /home/max/.rbenv/versions/2.6.6/lib/ruby/gems/2.6.0/gems/railties-6.1.4.1/lib/rails/templates/rails/welcome/index.html.erb
  Rendered /home/max/.rbenv/versions/2.6.6/lib/ruby/gems/2.6.0/gems/railties-6.1.4.1/lib/rails/templates/rails/welcome/index.html.erb (Duration: 4.2ms | Allocations: 522)
Completed 200 OK in 21ms (Views: 6.8ms | ActiveRecord: 0.0ms | Allocations: 4558)


Started GET "/" for 127.0.0.1 at 2021-11-28 13:52:51 -0500
Processing by Rails::WelcomeController#index as HTML
  Rendering /home/max/.rbenv/versions/2.6.6/lib/ruby/gems/2.6.0/gems/railties-6.1.4.1/lib/rails/templates/rails/welcome/index.html.erb
  Rendered /home/max/.rbenv/versions/2.6.6/lib/ruby/gems/2.6.0/gems/railties-6.1.4.1/lib/rails/templates/rails/welcome/index.html.erb (Duration: 3.0ms | Allocations: 226)
Completed 200 OK in 10ms (Views: 5.6ms | Allocations: 894)


Started GET "/" for 127.0.0.1 at 2021-11-28 13:52:52 -0500
Processing by Rails::WelcomeController#index as HTML
  Rendering /home/max/.rbenv/versions/2.6.6/lib/ruby/gems/2.6.0/gems/railties-6.1.4.1/lib/rails/templates/rails/welcome/index.html.erb
  Rendered /home/max/.rbenv/versions/2.6.6/lib/ruby/gems/2.6.0/gems/railties-6.1.4.1/lib/rails/templates/rails/welcome/index.html.erb (Duration: 0.2ms | Allocations: 49)
Completed 200 OK in 3ms (Views: 2.2ms | Allocations: 375)


Started GET "/" for 127.0.0.1 at 2021-11-28 13:52:57 -0500
Processing by Rails::WelcomeController#index as HTML
  Rendering /home/max/.rbenv/versions/2.6.6/lib/ruby/gems/2.6.0/gems/railties-6.1.4.1/lib/rails/templates/rails/welcome/index.html.erb
  Rendered /home/max/.rbenv/versions/2.6.6/lib/ruby/gems/2.6.0/gems/railties-6.1.4.1/lib/rails/templates/rails/welcome/index.html.erb (Duration: 0.4ms | Allocations: 48)
Completed 200 OK in 2ms (Views: 0.9ms | Allocations: 370)


Started GET "/" for 127.0.0.1 at 2021-11-28 13:54:19 -0500
Processing by ApplicationController#hello as HTML
  Rendering html template
  Rendered html template (Duration: 0.1ms | Allocations: 28)
Completed 200 OK in 2ms (Views: 1.0ms | Allocations: 677)


Started GET "/" for 127.0.0.1 at 2021-11-28 14:23:32 -0500
  [1m[35m (0.3ms)[0m  [1m[34mSELECT sqlite_version(*)[0m
Processing by ApplicationController#hello as HTML
  Rendering html template
  Rendered html template (Duration: 0.1ms | Allocations: 32)
Completed 200 OK in 12ms (Views: 1.2ms | ActiveRecord: 0.0ms | Allocations: 1895)


Started GET "/" for 127.0.0.1 at 2021-11-28 14:23:33 -0500
Processing by ApplicationController#hello as HTML
  Rendering html template
  Rendered html template (Duration: 0.1ms | Allocations: 27)
Completed 200 OK in 1ms (Views: 0.4ms | ActiveRecord: 0.0ms | Allocations: 295)


Started GET "/" for 127.0.0.1 at 2021-11-28 14:31:26 -0500
Processing by ApplicationController#hello as HTML
  Rendering html template
  Rendered html template (Duration: 0.0ms | Allocations: 26)
Completed 200 OK in 1ms (Views: 0.3ms | Allocations: 293)


Started GET "/users" for 127.0.0.1 at 2021-11-28 14:44:28 -0500
  
ActionController::RoutingError (No route matches [GET] "/users"):
  
Started GET "/chungus" for 127.0.0.1 at 2021-11-28 14:44:39 -0500
  
ActionController::RoutingError (No route matches [GET] "/chungus"):
  
Started GET "/" for 127.0.0.1 at 2021-11-28 14:44:43 -0500
Processing by ApplicationController#hello as HTML
  Rendering html template
  Rendered html template (Duration: 0.0ms | Allocations: 27)
Completed 200 OK in 1ms (Views: 0.4ms | Allocations: 356)


Started GET "/" for 127.0.0.1 at 2021-12-01 11:25:04 -0500
  [1m[35m (0.7ms)[0m  [1m[34mSELECT sqlite_version(*)[0m
Processing by ApplicationController#hello as HTML
  Rendering html template
  Rendered html template (Duration: 0.1ms | Allocations: 32)
Completed 200 OK in 16ms (Views: 2.8ms | ActiveRecord: 0.0ms | Allocations: 1923)


Started GET "/static_pages/home" for 127.0.0.1 at 2021-12-01 11:25:11 -0500
Processing by StaticPagesController#home as HTML
  Rendering layout layouts/application.html.erb
  Rendering static_pages/home.html.erb within layouts/application
  Rendered static_pages/home.html.erb within layouts/application (Duration: 1.0ms | Allocations: 230)
[Webpacker] Compiling...
[Webpacker] Compiled all packs in /home/max/RubymineProjects/MAMAS-MIA-Final-Project/PeerEvaluationTool/public/packs
[Webpacker] Hash: e2a8a876c5815bee1e21
Version: webpack 4.46.0
Time: 1618ms
Built at: 12/01/2021 11:25:14 AM
                                     Asset       Size       Chunks                         Chunk Names
    js/application-e421b4aa3f716bebdab1.js    125 KiB  application  [emitted] [immutable]  application
js/application-e421b4aa3f716bebdab1.js.map    139 KiB  application  [emitted] [dev]        application
                             manifest.json  364 bytes               [emitted]              
Entrypoint application = js/application-e421b4aa3f716bebdab1.js js/application-e421b4aa3f716bebdab1.js.map
[./app/javascript/channels sync recursive _channel\.js$] ./app/javascript/channels sync _channel\.js$ 160 bytes {application} [built]
[./app/javascript/channels/index.js] 211 bytes {application} [built]
[./app/javascript/packs/application.js] 492 bytes {application} [built]
[./node_modules/webpack/buildin/module.js] (webpack)/buildin/module.js 552 bytes {application} [built]
    + 3 hidden modules

  Rendered layout layouts/application.html.erb (Duration: 3358.6ms | Allocations: 17438)
Completed 200 OK in 3362ms (Views: 3359.8ms | ActiveRecord: 0.0ms | Allocations: 18752)


Started GET "/static_pages/home" for 127.0.0.1 at 2021-12-01 11:30:05 -0500
Processing by StaticPagesController#home as HTML
  Rendering layout layouts/application.html.erb
  Rendering static_pages/home.html.erb within layouts/application
  Rendered static_pages/home.html.erb within layouts/application (Duration: 0.3ms | Allocations: 117)
[Webpacker] Everything's up-to-date. Nothing to do
  Rendered layout layouts/application.html.erb (Duration: 6.6ms | Allocations: 3321)
Completed 200 OK in 12ms (Views: 7.9ms | ActiveRecord: 0.0ms | Allocations: 4473)


Started GET "/static_pages/about" for 127.0.0.1 at 2021-12-01 11:33:20 -0500
Processing by StaticPagesController#about as HTML
Completed 406 Not Acceptable in 4ms (Allocations: 1855)


  
ActionController::MissingExactTemplate (StaticPagesController#about is missing a template for request formats: text/html):
  
actionpack (6.1.4.1) lib/action_controller/metal/implicit_render.rb:45:in `default_render'
actionpack (6.1.4.1) lib/action_controller/metal/basic_implicit_render.rb:6:in `block in send_action'
actionpack (6.1.4.1) lib/action_controller/metal/basic_implicit_render.rb:6:in `tap'
actionpack (6.1.4.1) lib/action_controller/metal/basic_implicit_render.rb:6:in `send_action'
actionpack (6.1.4.1) lib/abstract_controller/base.rb:228:in `process_action'
actionpack (6.1.4.1) lib/action_controller/metal/rendering.rb:30:in `process_action'
actionpack (6.1.4.1) lib/abstract_controller/callbacks.rb:42:in `block in process_action'
activesupport (6.1.4.1) lib/active_support/callbacks.rb:117:in `block in run_callbacks'
actiontext (6.1.4.1) lib/action_text/rendering.rb:20:in `with_renderer'
actiontext (6.1.4.1) lib/action_text/engine.rb:59:in `block (4 levels) in <class:Engine>'
activesupport (6.1.4.1) lib/active_support/callbacks.rb:126:in `instance_exec'
activesupport (6.1.4.1) lib/active_support/callbacks.rb:126:in `block in run_callbacks'
activesupport (6.1.4.1) lib/active_support/callbacks.rb:137:in `run_callbacks'
actionpack (6.1.4.1) lib/abstract_controller/callbacks.rb:41:in `process_action'
actionpack (6.1.4.1) lib/action_controller/metal/rescue.rb:22:in `process_action'
actionpack (6.1.4.1) lib/action_controller/metal/instrumentation.rb:34:in `block in process_action'
activesupport (6.1.4.1) lib/active_support/notifications.rb:203:in `block in instrument'
activesupport (6.1.4.1) lib/active_support/notifications/instrumenter.rb:24:in `instrument'
activesupport (6.1.4.1) lib/active_support/notifications.rb:203:in `instrument'
actionpack (6.1.4.1) lib/action_controller/metal/instrumentation.rb:33:in `process_action'
actionpack (6.1.4.1) lib/action_controller/metal/params_wrapper.rb:249:in `process_action'
activerecord (6.1.4.1) lib/active_record/railties/controller_runtime.rb:27:in `process_action'
actionpack (6.1.4.1) lib/abstract_controller/base.rb:165:in `process'
actionview (6.1.4.1) lib/action_view/rendering.rb:39:in `process'
actionpack (6.1.4.1) lib/action_controller/metal.rb:190:in `dispatch'
actionpack (6.1.4.1) lib/action_controller/metal.rb:254:in `dispatch'
actionpack (6.1.4.1) lib/action_dispatch/routing/route_set.rb:50:in `dispatch'
actionpack (6.1.4.1) lib/action_dispatch/routing/route_set.rb:33:in `serve'
actionpack (6.1.4.1) lib/action_dispatch/journey/router.rb:50:in `block in serve'
actionpack (6.1.4.1) lib/action_dispatch/journey/router.rb:32:in `each'
actionpack (6.1.4.1) lib/action_dispatch/journey/router.rb:32:in `serve'
actionpack (6.1.4.1) lib/action_dispatch/routing/route_set.rb:842:in `call'
rack (2.2.3) lib/rack/tempfile_reaper.rb:15:in `call'
rack (2.2.3) lib/rack/etag.rb:27:in `call'
rack (2.2.3) lib/rack/conditional_get.rb:27:in `call'
rack (2.2.3) lib/rack/head.rb:12:in `call'
actionpack (6.1.4.1) lib/action_dispatch/http/permissions_policy.rb:22:in `call'
actionpack (6.1.4.1) lib/action_dispatch/http/content_security_policy.rb:18:in `call'
rack (2.2.3) lib/rack/session/abstract/id.rb:266:in `context'
rack (2.2.3) lib/rack/session/abstract/id.rb:260:in `call'
actionpack (6.1.4.1) lib/action_dispatch/middleware/cookies.rb:689:in `call'
activerecord (6.1.4.1) lib/active_record/migration.rb:601:in `call'
actionpack (6.1.4.1) lib/action_dispatch/middleware/callbacks.rb:27:in `block in call'
activesupport (6.1.4.1) lib/active_support/callbacks.rb:98:in `run_callbacks'
actionpack (6.1.4.1) lib/action_dispatch/middleware/callbacks.rb:26:in `call'
actionpack (6.1.4.1) lib/action_dispatch/middleware/executor.rb:14:in `call'
actionpack (6.1.4.1) lib/action_dispatch/middleware/actionable_exceptions.rb:18:in `call'
actionpack (6.1.4.1) lib/action_dispatch/middleware/debug_exceptions.rb:29:in `call'
web-console (4.2.0) lib/web_console/middleware.rb:132:in `call_app'
web-console (4.2.0) lib/web_console/middleware.rb:28:in `block in call'
web-console (4.2.0) lib/web_console/middleware.rb:17:in `catch'
web-console (4.2.0) lib/web_console/middleware.rb:17:in `call'
actionpack (6.1.4.1) lib/action_dispatch/middleware/show_exceptions.rb:33:in `call'
railties (6.1.4.1) lib/rails/rack/logger.rb:37:in `call_app'
railties (6.1.4.1) lib/rails/rack/logger.rb:26:in `block in call'
activesupport (6.1.4.1) lib/active_support/tagged_logging.rb:99:in `block in tagged'
activesupport (6.1.4.1) lib/active_support/tagged_logging.rb:37:in `tagged'
activesupport (6.1.4.1) lib/active_support/tagged_logging.rb:99:in `tagged'
railties (6.1.4.1) lib/rails/rack/logger.rb:26:in `call'
sprockets-rails (3.4.1) lib/sprockets/rails/quiet_assets.rb:13:in `call'
actionpack (6.1.4.1) lib/action_dispatch/middleware/remote_ip.rb:81:in `call'
actionpack (6.1.4.1) lib/action_dispatch/middleware/request_id.rb:26:in `call'
rack (2.2.3) lib/rack/method_override.rb:24:in `call'
rack (2.2.3) lib/rack/runtime.rb:22:in `call'
activesupport (6.1.4.1) lib/active_support/cache/strategy/local_cache_middleware.rb:29:in `call'
actionpack (6.1.4.1) lib/action_dispatch/middleware/executor.rb:14:in `call'
actionpack (6.1.4.1) lib/action_dispatch/middleware/static.rb:24:in `call'
rack (2.2.3) lib/rack/sendfile.rb:110:in `call'
actionpack (6.1.4.1) lib/action_dispatch/middleware/host_authorization.rb:98:in `call'
rack-mini-profiler (2.3.3) lib/mini_profiler/profiler.rb:393:in `call'
webpacker (5.4.3) lib/webpacker/dev_server_proxy.rb:25:in `perform_request'
rack-proxy (0.7.0) lib/rack/proxy.rb:63:in `call'
railties (6.1.4.1) lib/rails/engine.rb:539:in `call'
puma (5.5.2) lib/puma/configuration.rb:249:in `call'
puma (5.5.2) lib/puma/request.rb:77:in `block in handle_request'
puma (5.5.2) lib/puma/thread_pool.rb:340:in `with_force_shutdown'
puma (5.5.2) lib/puma/request.rb:76:in `handle_request'
puma (5.5.2) lib/puma/server.rb:447:in `process_client'
puma (5.5.2) lib/puma/thread_pool.rb:147:in `block in spawn_thread'
Started GET "/static_pages/about" for 127.0.0.1 at 2021-12-01 11:35:28 -0500
Processing by StaticPagesController#about as HTML
  Rendering layout layouts/application.html.erb
  Rendering static_pages/about.html.erb within layouts/application
  Rendered static_pages/about.html.erb within layouts/application (Duration: 0.3ms | Allocations: 116)
[Webpacker] Everything's up-to-date. Nothing to do
  Rendered layout layouts/application.html.erb (Duration: 4.9ms | Allocations: 3453)
Completed 200 OK in 8ms (Views: 6.5ms | Allocations: 4695)


Started GET "/static_pages/about" for 127.0.0.1 at 2021-12-01 11:43:07 -0500
Processing by StaticPagesController#about as HTML
  Rendering layout layouts/application.html.erb
  Rendering static_pages/about.html.erb within layouts/application
  Rendered static_pages/about.html.erb within layouts/application (Duration: 0.3ms | Allocations: 130)
[Webpacker] Everything's up-to-date. Nothing to do
  Rendered layout layouts/application.html.erb (Duration: 4.1ms | Allocations: 3352)
Completed 200 OK in 6ms (Views: 5.3ms | Allocations: 4496)


Started GET "/static_pages/about" for 127.0.0.1 at 2021-12-01 11:43:16 -0500
Processing by StaticPagesController#about as HTML
  Rendering layout layouts/application.html.erb
  Rendering static_pages/about.html.erb within layouts/application
  Rendered static_pages/about.html.erb within layouts/application (Duration: 0.3ms | Allocations: 127)
[Webpacker] Everything's up-to-date. Nothing to do
  Rendered layout layouts/application.html.erb (Duration: 4.7ms | Allocations: 3346)
Completed 200 OK in 7ms (Views: 6.0ms | Allocations: 4486)


Started GET "/static_pages/home" for 127.0.0.1 at 2021-12-01 11:43:21 -0500
Processing by StaticPagesController#home as HTML
  Rendering layout layouts/application.html.erb
  Rendering static_pages/home.html.erb within layouts/application
  Rendered static_pages/home.html.erb within layouts/application (Duration: 0.3ms | Allocations: 128)
[Webpacker] Everything's up-to-date. Nothing to do
  Rendered layout layouts/application.html.erb (Duration: 3.3ms | Allocations: 3158)
Completed 200 OK in 4ms (Views: 3.7ms | Allocations: 3696)


Started GET "/" for 127.0.0.1 at 2021-12-01 11:46:13 -0500
Processing by StaticPagesController#home as HTML
  Rendering layout layouts/application.html.erb
  Rendering static_pages/home.html.erb within layouts/application
  Rendered static_pages/home.html.erb within layouts/application (Duration: 0.1ms | Allocations: 40)
[Webpacker] Everything's up-to-date. Nothing to do
  Rendered layout layouts/application.html.erb (Duration: 5.0ms | Allocations: 3050)
Completed 200 OK in 6ms (Views: 5.9ms | Allocations: 3601)


Started GET "/" for 127.0.0.1 at 2021-12-01 11:49:34 -0500
Processing by StaticPagesController#home as HTML
  Rendering layout layouts/application.html.erb
  Rendering static_pages/home.html.erb within layouts/application
  Rendered static_pages/home.html.erb within layouts/application (Duration: 0.3ms | Allocations: 132)
[Webpacker] Everything's up-to-date. Nothing to do
  Rendered layout layouts/application.html.erb (Duration: 3.6ms | Allocations: 3391)
Completed 200 OK in 6ms (Views: 4.7ms | Allocations: 4536)


Started GET "/" for 127.0.0.1 at 2021-12-01 11:49:34 -0500
Processing by StaticPagesController#home as HTML
  Rendering layout layouts/application.html.erb
  Rendering static_pages/home.html.erb within layouts/application
  Rendered static_pages/home.html.erb within layouts/application (Duration: 0.1ms | Allocations: 40)
[Webpacker] Everything's up-to-date. Nothing to do
  Rendered layout layouts/application.html.erb (Duration: 3.6ms | Allocations: 3076)
Completed 200 OK in 4ms (Views: 4.0ms | Allocations: 3488)


Started GET "/" for 127.0.0.1 at 2021-12-01 11:49:35 -0500
Processing by StaticPagesController#home as HTML
  Rendering layout layouts/application.html.erb
  Rendering static_pages/home.html.erb within layouts/application
  Rendered static_pages/home.html.erb within layouts/application (Duration: 0.1ms | Allocations: 40)
[Webpacker] Everything's up-to-date. Nothing to do
  Rendered layout layouts/application.html.erb (Duration: 3.4ms | Allocations: 3076)
Completed 200 OK in 4ms (Views: 3.8ms | Allocations: 3487)


Started GET "/" for 127.0.0.1 at 2021-12-01 11:49:37 -0500
Processing by StaticPagesController#home as HTML
  Rendering layout layouts/application.html.erb
  Rendering static_pages/home.html.erb within layouts/application
  Rendered static_pages/home.html.erb within layouts/application (Duration: 0.1ms | Allocations: 40)
[Webpacker] Everything's up-to-date. Nothing to do
  Rendered layout layouts/application.html.erb (Duration: 4.2ms | Allocations: 3076)
Completed 200 OK in 5ms (Views: 4.7ms | Allocations: 3487)


Started GET "/" for 127.0.0.1 at 2021-12-01 11:52:56 -0500
Processing by StaticPagesController#home as HTML
  Rendering layout layouts/application.html.erb
  Rendering static_pages/home.html.erb within layouts/application
  Rendered static_pages/home.html.erb within layouts/application (Duration: 0.3ms | Allocations: 127)
[Webpacker] Everything's up-to-date. Nothing to do
  Rendered layout layouts/application.html.erb (Duration: 11.8ms | Allocations: 5142)
Completed 500 Internal Server Error in 14ms (Allocations: 6259)


  
ActionView::Template::Error (undefined method `stringify_keys' for "title_button":String):
    13:   <body>
    14:   <header class = "navbar navbar-fixed-top navbar-inverse">
    15:     <div class="container">
    16:       <%=link_to("DOGME Peer Evaluation Tool", '/', id = "title_button") %>
    17:       <nav>
    18:         <ul class = "nav navbar-nav navbar-right">
    19:           <li><%=link_to "Home", "#" %></li>
  
app/views/layouts/application.html.erb:16
Started GET "/" for 127.0.0.1 at 2021-12-01 11:53:18 -0500
Processing by StaticPagesController#home as HTML
  Rendering layout layouts/application.html.erb
  Rendering static_pages/home.html.erb within layouts/application
  Rendered static_pages/home.html.erb within layouts/application (Duration: 0.3ms | Allocations: 127)
[Webpacker] Everything's up-to-date. Nothing to do
  Rendered layout layouts/application.html.erb (Duration: 3.6ms | Allocations: 3496)
Completed 200 OK in 5ms (Views: 4.7ms | Allocations: 4642)


Started GET "/" for 127.0.0.1 at 2021-12-01 11:53:57 -0500
Processing by StaticPagesController#home as HTML
  Rendering layout layouts/application.html.erb
  Rendering static_pages/home.html.erb within layouts/application
  Rendered static_pages/home.html.erb within layouts/application (Duration: 0.3ms | Allocations: 127)
[Webpacker] Everything's up-to-date. Nothing to do
  Rendered layout layouts/application.html.erb (Duration: 4.4ms | Allocations: 3499)
Completed 200 OK in 7ms (Views: 5.5ms | Allocations: 4639)


Started GET "/" for 127.0.0.1 at 2021-12-01 11:56:23 -0500
Processing by StaticPagesController#home as HTML
  Rendering layout layouts/application.html.erb
  Rendering static_pages/home.html.erb within layouts/application
  Rendered static_pages/home.html.erb within layouts/application (Duration: 0.3ms | Allocations: 170)
[Webpacker] Everything's up-to-date. Nothing to do
  Rendered layout layouts/application.html.erb (Duration: 6.2ms | Allocations: 3539)
Completed 200 OK in 8ms (Views: 7.4ms | Allocations: 4679)


Started GET "/" for 127.0.0.1 at 2021-12-01 11:57:02 -0500
Processing by StaticPagesController#home as HTML
  Rendering layout layouts/application.html.erb
  Rendering static_pages/home.html.erb within layouts/application
  Rendered static_pages/home.html.erb within layouts/application (Duration: 0.4ms | Allocations: 167)
[Webpacker] Everything's up-to-date. Nothing to do
  Rendered layout layouts/application.html.erb (Duration: 4.5ms | Allocations: 3536)
Completed 200 OK in 7ms (Views: 5.7ms | Allocations: 4676)


Started GET "/" for 127.0.0.1 at 2021-12-01 11:59:51 -0500
Processing by StaticPagesController#home as HTML
  Rendering layout layouts/application.html.erb
  Rendering static_pages/home.html.erb within layouts/application
  Rendered static_pages/home.html.erb within layouts/application (Duration: 0.1ms | Allocations: 55)
  Rendered layout layouts/application.html.erb (Duration: 9.4ms | Allocations: 5250)
Completed 500 Internal Server Error in 10ms (Allocations: 5628)


  
ActionView::Template::Error (Error: File to import not found or unreadable: bootstrap-sprockets.
        on line 1:1 of app/assets/stylesheets/custom.scss
>> @import "bootstrap-sprockets";

   ^
):
     6:     <%= csrf_meta_tags %>
     7:     <%= csp_meta_tag %>
     8: 
     9:     <%= stylesheet_link_tag 'application', media: 'all', 'data-turbolinks-track': 'reload' %>
    10:     <%= javascript_pack_tag 'application', 'data-turbolinks-track': 'reload' %>
    11:   </head>
    12: 
  
app/assets/stylesheets/custom.scss:1
app/views/layouts/application.html.erb:9
Started GET "/" for 127.0.0.1 at 2021-12-01 12:04:11 -0500
Processing by StaticPagesController#home as HTML
  Rendering layout layouts/application.html.erb
  Rendering static_pages/home.html.erb within layouts/application
  Rendered static_pages/home.html.erb within layouts/application (Duration: 0.1ms | Allocations: 55)
  Rendered layout layouts/application.html.erb (Duration: 5.5ms | Allocations: 5290)
Completed 500 Internal Server Error in 6ms (Allocations: 5667)


  
ActionView::Template::Error (Error: File to import not found or unreadable: bootstrap-sprockets.
        on line 1:1 of app/assets/stylesheets/custom.scss
>> @import "bootstrap-sprockets";

   ^
):
     6:     <%= csrf_meta_tags %>
     7:     <%= csp_meta_tag %>
     8: 
     9:     <%= stylesheet_link_tag 'application', media: 'all', 'data-turbolinks-track': 'reload' %>
    10:     <%= javascript_pack_tag 'application', 'data-turbolinks-track': 'reload' %>
    11:   </head>
    12: 
  
app/assets/stylesheets/custom.scss:1
app/views/layouts/application.html.erb:9
Started GET "/" for 127.0.0.1 at 2021-12-01 12:06:07 -0500
  [1m[35m (0.6ms)[0m  [1m[34mSELECT sqlite_version(*)[0m
Processing by StaticPagesController#home as HTML
  Rendering layout layouts/application.html.erb
  Rendering static_pages/home.html.erb within layouts/application
  Rendered static_pages/home.html.erb within layouts/application (Duration: 0.5ms | Allocations: 298)
  Rendered layout layouts/application.html.erb (Duration: 7.7ms | Allocations: 6754)
Completed 500 Internal Server Error in 21ms (ActiveRecord: 0.0ms | Allocations: 9496)


  
ActionView::Template::Error (Error: File to import not found or unreadable: bootstrap-sprockets.
        on line 1:1 of app/assets/stylesheets/custom.scss
>> @import "bootstrap-sprockets";

   ^
):
     6:     <%= csrf_meta_tags %>
     7:     <%= csp_meta_tag %>
     8: 
     9:     <%= stylesheet_link_tag 'application', media: 'all', 'data-turbolinks-track': 'reload' %>
    10:     <%= javascript_pack_tag 'application', 'data-turbolinks-track': 'reload' %>
    11:   </head>
    12: 
  
app/assets/stylesheets/custom.scss:1
app/views/layouts/application.html.erb:9
Started GET "/" for 127.0.0.1 at 2021-12-01 12:31:07 -0500
  [1m[35m (0.3ms)[0m  [1m[34mSELECT sqlite_version(*)[0m
Processing by StaticPagesController#home as HTML
  Rendering layout layouts/application.html.erb
  Rendering static_pages/home.html.erb within layouts/application
  Rendered static_pages/home.html.erb within layouts/application (Duration: 0.6ms | Allocations: 299)
[Webpacker] Everything's up-to-date. Nothing to do
  Rendered layout layouts/application.html.erb (Duration: 376.4ms | Allocations: 75094)
Completed 200 OK in 412ms (Views: 398.1ms | ActiveRecord: 0.0ms | Allocations: 77869)


Started GET "/" for 127.0.0.1 at 2021-12-01 12:31:12 -0500
Processing by StaticPagesController#home as HTML
  Rendering layout layouts/application.html.erb
  Rendering static_pages/home.html.erb within layouts/application
  Rendered static_pages/home.html.erb within layouts/application (Duration: 0.1ms | Allocations: 55)
[Webpacker] Everything's up-to-date. Nothing to do
  Rendered layout layouts/application.html.erb (Duration: 11.9ms | Allocations: 7062)
Completed 200 OK in 13ms (Views: 12.6ms | ActiveRecord: 0.0ms | Allocations: 7471)


Started GET "/" for 127.0.0.1 at 2021-12-01 12:31:55 -0500
Processing by StaticPagesController#home as HTML
  Rendering layout layouts/application.html.erb
  Rendering static_pages/home.html.erb within layouts/application
  Rendered static_pages/home.html.erb within layouts/application (Duration: 0.1ms | Allocations: 55)
[Webpacker] Everything's up-to-date. Nothing to do
  Rendered layout layouts/application.html.erb (Duration: 194.9ms | Allocations: 53100)
Completed 200 OK in 197ms (Views: 196.5ms | ActiveRecord: 0.0ms | Allocations: 53508)


Started GET "/" for 127.0.0.1 at 2021-12-01 12:33:12 -0500
Processing by StaticPagesController#home as HTML
  Rendering layout layouts/application.html.erb
  Rendering static_pages/home.html.erb within layouts/application
  Rendered static_pages/home.html.erb within layouts/application (Duration: 0.1ms | Allocations: 55)
[Webpacker] Everything's up-to-date. Nothing to do
  Rendered layout layouts/application.html.erb (Duration: 175.9ms | Allocations: 55570)
Completed 200 OK in 177ms (Views: 176.3ms | ActiveRecord: 0.0ms | Allocations: 55977)


Started GET "/" for 127.0.0.1 at 2021-12-01 12:34:06 -0500
Processing by StaticPagesController#home as HTML
  Rendering layout layouts/application.html.erb
  Rendering static_pages/home.html.erb within layouts/application
  Rendered static_pages/home.html.erb within layouts/application (Duration: 0.1ms | Allocations: 55)
[Webpacker] Everything's up-to-date. Nothing to do
  Rendered layout layouts/application.html.erb (Duration: 174.6ms | Allocations: 58302)
Completed 200 OK in 175ms (Views: 175.0ms | ActiveRecord: 0.0ms | Allocations: 58707)


Started GET "/" for 127.0.0.1 at 2021-12-01 12:34:08 -0500
Processing by StaticPagesController#home as HTML
  Rendering layout layouts/application.html.erb
  Rendering static_pages/home.html.erb within layouts/application
  Rendered static_pages/home.html.erb within layouts/application (Duration: 0.1ms | Allocations: 55)
[Webpacker] Everything's up-to-date. Nothing to do
  Rendered layout layouts/application.html.erb (Duration: 6.1ms | Allocations: 7500)
Completed 200 OK in 7ms (Views: 6.4ms | ActiveRecord: 0.0ms | Allocations: 7905)


Started GET "/" for 127.0.0.1 at 2021-12-01 12:36:07 -0500
Processing by StaticPagesController#home as HTML
  Rendering layout layouts/application.html.erb
  Rendering static_pages/home.html.erb within layouts/application
  Rendered static_pages/home.html.erb within layouts/application (Duration: 0.1ms | Allocations: 55)
[Webpacker] Everything's up-to-date. Nothing to do
  Rendered layout layouts/application.html.erb (Duration: 162.8ms | Allocations: 58303)
Completed 200 OK in 165ms (Views: 163.2ms | ActiveRecord: 0.0ms | Allocations: 58708)


Started GET "/" for 127.0.0.1 at 2021-12-01 12:36:19 -0500
Processing by StaticPagesController#home as HTML
  Rendering layout layouts/application.html.erb
  Rendering static_pages/home.html.erb within layouts/application
  Rendered static_pages/home.html.erb within layouts/application (Duration: 0.1ms | Allocations: 55)
[Webpacker] Everything's up-to-date. Nothing to do
  Rendered layout layouts/application.html.erb (Duration: 170.5ms | Allocations: 58305)
Completed 200 OK in 171ms (Views: 170.9ms | ActiveRecord: 0.0ms | Allocations: 58713)


Started GET "/" for 127.0.0.1 at 2021-12-01 12:36:32 -0500
Processing by StaticPagesController#home as HTML
  Rendering layout layouts/application.html.erb
  Rendering static_pages/home.html.erb within layouts/application
  Rendered static_pages/home.html.erb within layouts/application (Duration: 0.1ms | Allocations: 55)
[Webpacker] Everything's up-to-date. Nothing to do
  Rendered layout layouts/application.html.erb (Duration: 176.0ms | Allocations: 58303)
Completed 200 OK in 177ms (Views: 176.4ms | ActiveRecord: 0.0ms | Allocations: 58709)


Started GET "/" for 127.0.0.1 at 2021-12-01 12:36:34 -0500
Processing by StaticPagesController#home as HTML
  Rendering layout layouts/application.html.erb
  Rendering static_pages/home.html.erb within layouts/application
  Rendered static_pages/home.html.erb within layouts/application (Duration: 0.1ms | Allocations: 55)
[Webpacker] Everything's up-to-date. Nothing to do
  Rendered layout layouts/application.html.erb (Duration: 9.3ms | Allocations: 7500)
Completed 200 OK in 10ms (Views: 9.7ms | ActiveRecord: 0.0ms | Allocations: 7911)


Started GET "/" for 127.0.0.1 at 2021-12-01 12:36:35 -0500
Processing by StaticPagesController#home as HTML
  Rendering layout layouts/application.html.erb
  Rendering static_pages/home.html.erb within layouts/application
  Rendered static_pages/home.html.erb within layouts/application (Duration: 0.1ms | Allocations: 55)
[Webpacker] Everything's up-to-date. Nothing to do
  Rendered layout layouts/application.html.erb (Duration: 7.1ms | Allocations: 7500)
Completed 200 OK in 9ms (Views: 7.6ms | ActiveRecord: 0.0ms | Allocations: 7911)


Started GET "/" for 127.0.0.1 at 2021-12-01 12:36:37 -0500
Processing by StaticPagesController#home as HTML
  Rendering layout layouts/application.html.erb
  Rendering static_pages/home.html.erb within layouts/application
  Rendered static_pages/home.html.erb within layouts/application (Duration: 0.1ms | Allocations: 55)
[Webpacker] Everything's up-to-date. Nothing to do
  Rendered layout layouts/application.html.erb (Duration: 7.5ms | Allocations: 7503)
Completed 200 OK in 8ms (Views: 8.1ms | ActiveRecord: 0.0ms | Allocations: 7914)


Started GET "/" for 127.0.0.1 at 2021-12-01 12:36:37 -0500
Processing by StaticPagesController#home as HTML
  Rendering layout layouts/application.html.erb
  Rendering static_pages/home.html.erb within layouts/application
  Rendered static_pages/home.html.erb within layouts/application (Duration: 0.1ms | Allocations: 55)
[Webpacker] Everything's up-to-date. Nothing to do
  Rendered layout layouts/application.html.erb (Duration: 7.0ms | Allocations: 7500)
Completed 200 OK in 10ms (Views: 10.0ms | ActiveRecord: 0.0ms | Allocations: 7911)


Started GET "/" for 127.0.0.1 at 2021-12-01 12:36:38 -0500
Processing by StaticPagesController#home as HTML
  Rendering layout layouts/application.html.erb
  Rendering static_pages/home.html.erb within layouts/application
  Rendered static_pages/home.html.erb within layouts/application (Duration: 0.1ms | Allocations: 55)
[Webpacker] Everything's up-to-date. Nothing to do
  Rendered layout layouts/application.html.erb (Duration: 12.5ms | Allocations: 7501)
Completed 200 OK in 13ms (Views: 12.9ms | ActiveRecord: 0.0ms | Allocations: 7913)


Started GET "/" for 127.0.0.1 at 2021-12-01 12:36:40 -0500
Processing by StaticPagesController#home as HTML
  Rendering layout layouts/application.html.erb
  Rendering static_pages/home.html.erb within layouts/application
  Rendered static_pages/home.html.erb within layouts/application (Duration: 0.1ms | Allocations: 55)
[Webpacker] Everything's up-to-date. Nothing to do
  Rendered layout layouts/application.html.erb (Duration: 7.8ms | Allocations: 7500)
Completed 200 OK in 9ms (Views: 8.3ms | ActiveRecord: 0.0ms | Allocations: 7911)


Started GET "/" for 127.0.0.1 at 2021-12-01 12:37:29 -0500
Processing by StaticPagesController#home as HTML
  Rendering layout layouts/application.html.erb
  Rendering static_pages/home.html.erb within layouts/application
  Rendered static_pages/home.html.erb within layouts/application (Duration: 0.1ms | Allocations: 55)
[Webpacker] Everything's up-to-date. Nothing to do
  Rendered layout layouts/application.html.erb (Duration: 171.7ms | Allocations: 58788)
Completed 200 OK in 173ms (Views: 172.1ms | Allocations: 59193)


Started GET "/" for 127.0.0.1 at 2021-12-01 12:38:03 -0500
Processing by StaticPagesController#home as HTML
  Rendering layout layouts/application.html.erb
  Rendering static_pages/home.html.erb within layouts/application
  Rendered static_pages/home.html.erb within layouts/application (Duration: 0.1ms | Allocations: 55)
[Webpacker] Everything's up-to-date. Nothing to do
  Rendered layout layouts/application.html.erb (Duration: 169.5ms | Allocations: 58309)
Completed 200 OK in 170ms (Views: 169.9ms | Allocations: 58714)


Started GET "/" for 127.0.0.1 at 2021-12-01 12:38:20 -0500
Processing by StaticPagesController#home as HTML
  Rendering layout layouts/application.html.erb
  Rendering static_pages/home.html.erb within layouts/application
  Rendered static_pages/home.html.erb within layouts/application (Duration: 0.1ms | Allocations: 55)
[Webpacker] Everything's up-to-date. Nothing to do
  Rendered layout layouts/application.html.erb (Duration: 170.8ms | Allocations: 58309)
Completed 200 OK in 173ms (Views: 171.2ms | Allocations: 58714)


Started GET "/" for 127.0.0.1 at 2021-12-01 12:38:41 -0500
Processing by StaticPagesController#home as HTML
  Rendering layout layouts/application.html.erb
  Rendering static_pages/home.html.erb within layouts/application
  Rendered static_pages/home.html.erb within layouts/application (Duration: 0.1ms | Allocations: 55)
[Webpacker] Everything's up-to-date. Nothing to do
  Rendered layout layouts/application.html.erb (Duration: 167.7ms | Allocations: 58309)
Completed 200 OK in 169ms (Views: 168.1ms | Allocations: 58714)


Started GET "/" for 127.0.0.1 at 2021-12-01 12:38:46 -0500
Processing by StaticPagesController#home as HTML
  Rendering layout layouts/application.html.erb
  Rendering static_pages/home.html.erb within layouts/application
  Rendered static_pages/home.html.erb within layouts/application (Duration: 0.1ms | Allocations: 55)
[Webpacker] Everything's up-to-date. Nothing to do
  Rendered layout layouts/application.html.erb (Duration: 9.4ms | Allocations: 7501)
Completed 200 OK in 10ms (Views: 9.9ms | Allocations: 7913)


Started GET "/" for 127.0.0.1 at 2021-12-01 12:38:47 -0500
Processing by StaticPagesController#home as HTML
  Rendering layout layouts/application.html.erb
  Rendering static_pages/home.html.erb within layouts/application
  Rendered static_pages/home.html.erb within layouts/application (Duration: 0.1ms | Allocations: 55)
[Webpacker] Everything's up-to-date. Nothing to do
  Rendered layout layouts/application.html.erb (Duration: 8.2ms | Allocations: 7500)
Completed 200 OK in 9ms (Views: 8.7ms | Allocations: 7911)


Started GET "/" for 127.0.0.1 at 2021-12-01 12:39:28 -0500
Processing by StaticPagesController#home as HTML
  Rendering layout layouts/application.html.erb
  Rendering static_pages/home.html.erb within layouts/application
  Rendered static_pages/home.html.erb within layouts/application (Duration: 0.1ms | Allocations: 55)
[Webpacker] Everything's up-to-date. Nothing to do
  Rendered layout layouts/application.html.erb (Duration: 172.4ms | Allocations: 60177)
Completed 200 OK in 174ms (Views: 173.0ms | Allocations: 60582)


Started GET "/" for 127.0.0.1 at 2021-12-01 12:39:45 -0500
Processing by StaticPagesController#home as HTML
  Rendering layout layouts/application.html.erb
  Rendering static_pages/home.html.erb within layouts/application
  Rendered static_pages/home.html.erb within layouts/application (Duration: 0.1ms | Allocations: 55)
[Webpacker] Everything's up-to-date. Nothing to do
  Rendered layout layouts/application.html.erb (Duration: 170.9ms | Allocations: 58310)
Completed 200 OK in 172ms (Views: 171.4ms | Allocations: 58715)


Started GET "/" for 127.0.0.1 at 2021-12-01 12:39:48 -0500
Processing by StaticPagesController#home as HTML
  Rendering layout layouts/application.html.erb
  Rendering static_pages/home.html.erb within layouts/application
  Rendered static_pages/home.html.erb within layouts/application (Duration: 0.1ms | Allocations: 55)
[Webpacker] Everything's up-to-date. Nothing to do
  Rendered layout layouts/application.html.erb (Duration: 15.6ms | Allocations: 7501)
Completed 200 OK in 16ms (Views: 16.0ms | Allocations: 7913)


Started GET "/" for 127.0.0.1 at 2021-12-01 12:39:56 -0500
Processing by StaticPagesController#home as HTML
  Rendering layout layouts/application.html.erb
  Rendering static_pages/home.html.erb within layouts/application
  Rendered static_pages/home.html.erb within layouts/application (Duration: 0.1ms | Allocations: 55)
[Webpacker] Everything's up-to-date. Nothing to do
  Rendered layout layouts/application.html.erb (Duration: 181.9ms | Allocations: 58304)
Completed 200 OK in 183ms (Views: 182.2ms | Allocations: 58709)


Started GET "/" for 127.0.0.1 at 2021-12-01 12:40:13 -0500
Processing by StaticPagesController#home as HTML
  Rendering layout layouts/application.html.erb
  Rendering static_pages/home.html.erb within layouts/application
  Rendered static_pages/home.html.erb within layouts/application (Duration: 0.1ms | Allocations: 55)
[Webpacker] Everything's up-to-date. Nothing to do
  Rendered layout layouts/application.html.erb (Duration: 170.0ms | Allocations: 58310)
Completed 200 OK in 171ms (Views: 170.4ms | Allocations: 58715)


Started GET "/" for 127.0.0.1 at 2021-12-01 12:40:15 -0500
Processing by StaticPagesController#home as HTML
  Rendering layout layouts/application.html.erb
  Rendering static_pages/home.html.erb within layouts/application
  Rendered static_pages/home.html.erb within layouts/application (Duration: 0.1ms | Allocations: 55)
[Webpacker] Everything's up-to-date. Nothing to do
  Rendered layout layouts/application.html.erb (Duration: 9.1ms | Allocations: 7500)
Completed 200 OK in 10ms (Views: 9.5ms | Allocations: 7911)


